\BOOKMARK [0][-]{table.0.1}{Table of Contents}{}% 1
\BOOKMARK [0][-]{chapter.1}{Camera}{}% 2
\BOOKMARK [1][-]{section.1.1}{Camera Pixels}{chapter.1}% 3
\BOOKMARK [1][-]{section.1.2}{Camera Config File }{chapter.1}% 4
\BOOKMARK [1][-]{section.1.3}{NSB}{chapter.1}% 5
\BOOKMARK [1][-]{section.1.4}{SPE}{chapter.1}% 6
\BOOKMARK [1][-]{section.1.5}{Gain Variation }{chapter.1}% 7
\BOOKMARK [1][-]{section.1.6}{PM Voltage Variation}{chapter.1}% 8
\BOOKMARK [1][-]{section.1.7}{PM Transit Time}{chapter.1}% 9
\BOOKMARK [1][-]{section.1.8}{PM Transit Time Jitter}{chapter.1}% 10
\BOOKMARK [1][-]{section.1.9}{Photon Delay}{chapter.1}% 11
\BOOKMARK [1][-]{section.1.10}{QE}{chapter.1}% 12
\BOOKMARK [1][-]{section.1.11}{QE Variations}{chapter.1}% 13
\BOOKMARK [1][-]{section.1.12}{Disc Bins }{chapter.1}% 14
\BOOKMARK [1][-]{section.1.13}{Disc Start}{chapter.1}% 15
\BOOKMARK [1][-]{section.1.14}{Default Trigger}{chapter.1}% 16
\BOOKMARK [1][-]{section.1.15}{Pulse Shape}{chapter.1}% 17
\BOOKMARK [1][-]{section.1.16}{Discriminator Amplitude}{chapter.1}% 18
\BOOKMARK [1][-]{section.1.17}{Trigger Pixels }{chapter.1}% 19
\BOOKMARK [1][-]{section.1.18}{Teltrig Min Time}{chapter.1}% 20
\BOOKMARK [1][-]{section.1.19}{Teltrig Min Sigsum}{chapter.1}% 21
\BOOKMARK [1][-]{section.1.20}{Discriminator Sigsum Over Thresh }{chapter.1}% 22
\BOOKMARK [1][-]{section.1.21}{Discriminator Var Sigsum over Thresh}{chapter.1}% 23
\BOOKMARK [1][-]{section.1.22}{Discriminator Gate Length}{chapter.1}% 24
\BOOKMARK [1][-]{section.1.23}{Discriminator Var Gate Length}{chapter.1}% 25
\BOOKMARK [1][-]{section.1.24}{Discriminator Rise Time}{chapter.1}% 26
\BOOKMARK [1][-]{section.1.25}{Discriminator Var Threshold}{chapter.1}% 27
\BOOKMARK [1][-]{section.1.26}{Discriminator Hysteresis}{chapter.1}% 28
\BOOKMARK [1][-]{section.1.27}{Discriminator Fall Time}{chapter.1}% 29
\BOOKMARK [1][-]{section.1.28}{Discriminator Time Over Thresh}{chapter.1}% 30
\BOOKMARK [1][-]{section.1.29}{Disc Var Time Over Threshold}{chapter.1}% 31
\BOOKMARK [1][-]{section.1.30}{Discriminator Output Amplitude}{chapter.1}% 32
\BOOKMARK [1][-]{section.1.31}{Discriminator Output Var Percent}{chapter.1}% 33
\BOOKMARK [1][-]{section.1.32}{FADC MHz}{chapter.1}% 34
\BOOKMARK [1][-]{section.1.33}{FADC Bins }{chapter.1}% 35
\BOOKMARK [1][-]{section.1.34}{FADC Sum Bins }{chapter.1}% 36
\BOOKMARK [1][-]{section.1.35}{FADC Sum Offset }{chapter.1}% 37
\BOOKMARK [1][-]{section.1.36}{36. FADC Pedestal }{chapter.1}% 38
\BOOKMARK [1][-]{section.1.37}{FADC Amplitude }{chapter.1}% 39
\BOOKMARK [1][-]{section.1.38}{FADC Noise }{chapter.1}% 40
\BOOKMARK [1][-]{section.1.39}{FADC Max Signal }{chapter.1}% 41
\BOOKMARK [1][-]{section.1.40}{FADC Pedestal Variation}{chapter.1}% 42
\BOOKMARK [1][-]{section.1.41}{Camera Filter}{chapter.1}% 43
\BOOKMARK [0][-]{figure.caption.13}{References}{}% 44
